<?xml version="1.0" encoding="UTF-8" ?>
<testsuite errors="0" failures="1" name="fi.hut.soberit.agilefant.model.SpringEnabledTestCase" tests="1" time="0.11">
  <properties>
    <property name="java.vendor" value="Sun Microsystems Inc."></property>
    <property name="eclipse.pdebuild.templates" value="/C:/Program Files/eclipse-SDK-3.2-win32/eclipse/plugins/org.eclipse.pde.build_3.2.0.v20060603/templates/"></property>
    <property name="sun.management.compiler" value="HotSpot Client Compiler"></property>
    <property name="lib" value="C:\Eclipse WS\agilefant/lib/"></property>
    <property name="os.name" value="Windows XP"></property>
    <property name="sun.boot.class.path" value="C:\Program Files\Java\jre1.5.0_08\lib\rt.jar;C:\Program Files\Java\jre1.5.0_08\lib\i18n.jar;C:\Program Files\Java\jre1.5.0_08\lib\sunrsasign.jar;C:\Program Files\Java\jre1.5.0_08\lib\jsse.jar;C:\Program Files\Java\jre1.5.0_08\lib\jce.jar;C:\Program Files\Java\jre1.5.0_08\lib\charsets.jar;C:\Program Files\Java\jre1.5.0_08\classes"></property>
    <property name="sun.desktop" value="windows"></property>
    <property name="java.vm.specification.vendor" value="Sun Microsystems Inc."></property>
    <property name="unit.src" value="C:\Eclipse WS\agilefant/test/unit/"></property>
    <property name="ant.home" value="C:\Program Files\eclipse-SDK-3.2-win32\eclipse\plugins\org.apache.ant_1.6.5"></property>
    <property name="java.runtime.version" value="1.5.0_08-b03"></property>
    <property name="ant.file.AgilEFant" value="C:\Eclipse WS\agilefant\build.xml"></property>
    <property name="user.name" value="mpmerila"></property>
    <property name="jarFile" value="C:\Eclipse WS\agilefant/build//agilefant.jar"></property>
    <property name="build.dir" value="C:\Eclipse WS\agilefant/build/"></property>
    <property name="user.language" value="fi"></property>
    <property name="sun.boot.library.path" value="C:\Program Files\Java\jre1.5.0_08\bin"></property>
    <property name="deploy.dir.local" value="C:/Program Files/Apache Software Foundation/Tomcat 5.5/webapps/agilefant"></property>
    <property name="webapp.root" value="C:\Eclipse WS\agilefant/web/"></property>
    <property name="ant.project.name" value="AgilEFant"></property>
    <property name="java.version" value="1.5.0_08"></property>
    <property name="user.timezone" value=""></property>
    <property name="sun.arch.data.model" value="32"></property>
    <property name="java.endorsed.dirs" value="C:\Program Files\Java\jre1.5.0_08\lib\endorsed"></property>
    <property name="sun.cpu.isalist" value="pentium_pro+mmx pentium_pro pentium+mmx pentium i486 i386 i86"></property>
    <property name="sun.jnu.encoding" value="Cp1252"></property>
    <property name="file.encoding.pkg" value="sun.io"></property>
    <property name="file.separator" value="\"></property>
    <property name="java.specification.name" value="Java Platform API Specification"></property>
    <property name="java.class.version" value="49.0"></property>
    <property name="src" value="C:\Eclipse WS\agilefant/src/"></property>
    <property name="hbm2ddl.export" value="true"></property>
    <property name="user.country" value="FI"></property>
    <property name="java.home" value="C:\Program Files\Java\jre1.5.0_08"></property>
    <property name="java.vm.info" value="mixed mode"></property>
    <property name="ant.file" value="C:\Eclipse WS\agilefant\build.xml"></property>
    <property name="os.version" value="5.1"></property>
    <property name="javac.debug" value="true"></property>
    <property name="path.separator" value=";"></property>
    <property name="java.vm.version" value="1.5.0_08-b03"></property>
    <property name="user.variant" value=""></property>
    <property name="ant.library.dir" value="C:\Program Files\eclipse-SDK-3.2-win32\eclipse\plugins\org.apache.ant_1.6.5\lib"></property>
    <property name="build.webapp" value="C:\Eclipse WS\agilefant/build//webapp/"></property>
    <property name="java.awt.printerjob" value="sun.awt.windows.WPrinterJob"></property>
    <property name="hibernatetools.dir" value="C:\Eclipse WS\agilefant/lib//hibernatetools/"></property>
    <property name="sun.io.unicode.encoding" value="UnicodeLittle"></property>
    <property name="awt.toolkit" value="sun.awt.windows.WToolkit"></property>
    <property name="eclipse.pdebuild.scripts" value="/C:/Program Files/eclipse-SDK-3.2-win32/eclipse/plugins/org.eclipse.pde.build_3.2.0.v20060603/scripts/"></property>
    <property name="user.home" value="C:\Documents and Settings\mpmerila"></property>
    <property name="java.specification.vendor" value="Sun Microsystems Inc."></property>
    <property name="java.library.path" value="C:\Program Files\Java\jre1.5.0_08\bin;.;C:\WINDOWS\system32;C:\WINDOWS;C:\WINDOWS\system32;C:\WINDOWS;C:\WINDOWS\System32\Wbem;C:\Program Files\SSH Communications Security\SSH Secure Shell\;C:\Program Files\MySQL\MySQL Server 5.0\bin;C:\Program Files\Java\jdk1.5.0_08\bin"></property>
    <property name="java.vendor.url" value="http://java.sun.com/"></property>
    <property name="java.vm.vendor" value="Sun Microsystems Inc."></property>
    <property name="java.runtime.name" value="Java(TM) 2 Runtime Environment, Standard Edition"></property>
    <property name="java.class.path" value="C:\Eclipse WS\agilefant\lib\acegi-security-1.0.3.jar;C:\Eclipse WS\agilefant\lib\acegi-security-tiger-1.0.2.jar;C:\Eclipse WS\agilefant\lib\asm-attrs.jar;C:\Eclipse WS\agilefant\lib\asm.jar;C:\Eclipse WS\agilefant\lib\build\fitlibrary.jar;C:\Eclipse WS\agilefant\lib\build\fitnesse.jar;C:\Eclipse WS\agilefant\lib\build\jsp-api.jar;C:\Eclipse WS\agilefant\lib\build\junit.jar;C:\Eclipse WS\agilefant\lib\build\servlet-api.jar;C:\Eclipse WS\agilefant\lib\cglib-2.1_3.jar;C:\Eclipse WS\agilefant\lib\commons-beanutils.jar;C:\Eclipse WS\agilefant\lib\commons-codec-1.3.jar;C:\Eclipse WS\agilefant\lib\commons-collections-2.1.1.jar;C:\Eclipse WS\agilefant\lib\commons-dbcp-1.2.1.jar;C:\Eclipse WS\agilefant\lib\commons-lang-2.2.jar;C:\Eclipse WS\agilefant\lib\commons-logging.jar;C:\Eclipse WS\agilefant\lib\commons-pool-1.3.jar;C:\Eclipse WS\agilefant\lib\displaytag-1.1.jar;C:\Eclipse WS\agilefant\lib\dom4j-1.6.1.jar;C:\Eclipse WS\agilefant\lib\ehcache-1.2.0_03.jar;C:\Eclipse WS\agilefant\lib\ejb3-persistence.jar;C:\Eclipse WS\agilefant\lib\freemarker.jar;C:\Eclipse WS\agilefant\lib\hibernate-annotations.jar;C:\Eclipse WS\agilefant\lib\hibernate3.jar;C:\Eclipse WS\agilefant\lib\javamail.jar;C:\Eclipse WS\agilefant\lib\jstl.jar;C:\Eclipse WS\agilefant\lib\jta.jar;C:\Eclipse WS\agilefant\lib\log4j-1.2.14.jar;C:\Eclipse WS\agilefant\lib\mysql-connector-java-3.1.13-bin.jar;C:\Eclipse WS\agilefant\lib\ognl.jar;C:\Eclipse WS\agilefant\lib\oro-2.0.8.jar;C:\Eclipse WS\agilefant\lib\oscore.jar;C:\Eclipse WS\agilefant\lib\postgresql-8.1-407.jdbc3.jar;C:\Eclipse WS\agilefant\lib\rife-continuations.jar;C:\Eclipse WS\agilefant\lib\spring-mock.jar;C:\Eclipse WS\agilefant\lib\spring.jar;C:\Eclipse WS\agilefant\lib\standard.jar;C:\Eclipse WS\agilefant\lib\webwork-2.2.4.jar;C:\Eclipse WS\agilefant\lib\xwork-1.2.1.jar;C:\Eclipse WS\agilefant\lib\xwork-tiger-1.2.1.jar;C:\Eclipse WS\agilefant\build\classes;C:\Program Files\eclipse-SDK-3.2-win32\eclipse\plugins\org.apache.ant_1.6.5\lib\junit.jar;C:\Program Files\eclipse-SDK-3.2-win32\eclipse\plugins\org.apache.ant_1.6.5\lib\ant-launcher.jar;C:\Program Files\eclipse-SDK-3.2-win32\eclipse\plugins\org.apache.ant_1.6.5\lib\ant.jar;C:\Program Files\eclipse-SDK-3.2-win32\eclipse\plugins\org.apache.ant_1.6.5\lib\ant-junit.jar"></property>
    <property name="ant.version" value="Apache Ant version 1.6.5 compiled on June 2 2005"></property>
    <property name="java.vm.specification.name" value="Java Virtual Machine Specification"></property>
    <property name="java.vm.specification.version" value="1.0"></property>
    <property name="build.classes" value="C:\Eclipse WS\agilefant/build//classes/"></property>
    <property name="sun.cpu.endian" value="little"></property>
    <property name="sun.os.patch.level" value="Service Pack 2"></property>
    <property name="eclipse.pdebuild.home" value="/C:/Program Files/eclipse-SDK-3.2-win32/eclipse/plugins/org.eclipse.pde.build_3.2.0.v20060603/./"></property>
    <property name="java.io.tmpdir" value="C:\DOCUME~1\mpmerila\LOCALS~1\Temp\"></property>
    <property name="java.vendor.url.bug" value="http://java.sun.com/cgi-bin/bugreport.cgi"></property>
    <property name="conf.dir" value="C:\Eclipse WS\agilefant/conf/"></property>
    <property name="os.arch" value="x86"></property>
    <property name="java.awt.graphicsenv" value="sun.awt.Win32GraphicsEnvironment"></property>
    <property name="java.ext.dirs" value="C:\Program Files\Java\jre1.5.0_08\lib\ext"></property>
    <property name="build.unit.classes" value="C:\Eclipse WS\agilefant/build//classes/"></property>
    <property name="user.dir" value="C:\Eclipse WS\agilefant\build"></property>
    <property name="test-reports.dir" value="C:\Eclipse WS\agilefant/test/reports"></property>
    <property name="line.separator" value="
"></property>
    <property name="java.vm.name" value="Java HotSpot(TM) Client VM"></property>
    <property name="basedir" value="C:\Eclipse WS\agilefant"></property>
    <property name="ant.java.version" value="1.5"></property>
    <property name="warFile" value="C:\Eclipse WS\agilefant/build//agilefant.war"></property>
    <property name="file.encoding" value="Cp1252"></property>
    <property name="database.type" value="mysql5"></property>
    <property name="java.specification.version" value="1.5"></property>
    <property name="webapp.name" value="agilefant"></property>
  </properties>
  <testcase classname="junit.framework.TestSuite$1" name="warning" time="0.03">
    <failure message="Class fi.hut.soberit.agilefant.model.SpringEnabledTestCase has no public constructor TestCase(String name) or TestCase()" type="junit.framework.AssertionFailedError">junit.framework.AssertionFailedError: Class fi.hut.soberit.agilefant.model.SpringEnabledTestCase has no public constructor TestCase(String name) or TestCase()
</failure>
  </testcase>
  <system-out><![CDATA[]]></system-out>
  <system-err><![CDATA[]]></system-err>
</testsuite>
